<?xml version="1.0" encoding="UTF-8"?>
<!-- Generated by org.testng.reporters.JUnitReportReporter -->
<testsuite hostname="ATMECSBLRLT-082" failures="0" tests="1" name="org.atmecs.ui_automation_orangehrm.testscript.SampleTestScript" time="4.721" errors="0" timestamp="10 Oct 2023 09:31:27 GMT" skipped="0">
  <testcase classname="org.atmecs.ui_automation_orangehrm.testscript.SampleTestScript" name="sampleTest" time="4.721"/>
</testsuite> <!-- org.atmecs.ui_automation_orangehrm.testscript.SampleTestScript -->
