<?xml version="1.0" encoding="UTF-8"?>
<!-- Generated by org.testng.reporters.JUnitReportReporter -->
<testsuite hostname="ATMECSBLRLT-082" failures="0" tests="7" name="org.atmecs.ui_automation_orangehrm.testscript.OrangeHRMTestScript" time="128.132" errors="0" timestamp="12 Oct 2023 07:13:05 GMT" skipped="0">
  <testcase classname="org.atmecs.ui_automation_orangehrm.testscript.OrangeHRMTestScript" name="launchApp" time="14.999"/>
  <testcase classname="org.atmecs.ui_automation_orangehrm.testscript.OrangeHRMTestScript" name="loginPageActions" time="3.336"/>
  <testcase classname="org.atmecs.ui_automation_orangehrm.testscript.OrangeHRMTestScript" name="loginPageActions" time="3.284"/>
  <testcase classname="org.atmecs.ui_automation_orangehrm.testscript.OrangeHRMTestScript" name="loginPageActions" time="3.321"/>
  <testcase classname="org.atmecs.ui_automation_orangehrm.testscript.OrangeHRMTestScript" name="pimTabActions" time="37.215"/>
  <testcase classname="org.atmecs.ui_automation_orangehrm.testscript.OrangeHRMTestScript" name="adminPageActions" time="49.648"/>
  <testcase classname="org.atmecs.ui_automation_orangehrm.testscript.OrangeHRMTestScript" name="structurePageActions" time="16.329"/>
</testsuite> <!-- org.atmecs.ui_automation_orangehrm.testscript.OrangeHRMTestScript -->
